

*******************************************************************************
Mon Apr 29 11:09:04 2024


FIT:    data read from 'Etot_block.dat' u 1:3
        format = x:z
        #datapoints = 10
        residuals are weighted equally (unit weight)

function used for fitting: f(x)
	f(x)= a - b * exp(-c * x)
fitted parameters initialized with current variable values

iter      chisq       delta/lim  lambda   a             b             c            
   0 1.3554819251e+00   0.00e+00  5.88e-01    1.000000e+00   1.000000e+00   1.000000e+00
  26 1.3410781581e-01  -4.79e-01  5.88e-16    1.637245e+00   8.476184e-01   1.432177e-02

After 26 iterations the fit converged.
final sum of squares of residuals : 0.134108
rel. change during last iteration : -4.79292e-06

degrees of freedom    (FIT_NDF)                        : 7
rms of residuals      (FIT_STDFIT) = sqrt(WSSR/ndf)    : 0.138413
variance of residuals (reduced chisquare) = WSSR/ndf   : 0.0191583

Final set of parameters            Asymptotic Standard Error
=======================            ==========================
a               = 1.63724          +/- 0.1058       (6.462%)
b               = 0.847618         +/- 0.119        (14.04%)
c               = 0.0143218        +/- 0.006118     (42.72%)

correlation matrix of the fit parameters:
                a      b      c      
a               1.000 
b               0.778  1.000 
c              -0.656 -0.257  1.000 


*******************************************************************************
Mon Apr 29 11:09:04 2024


FIT:    data read from 'Epot_block.dat' u 1:3
        format = x:z
        #datapoints = 10
        residuals are weighted equally (unit weight)

function used for fitting: f(x)
	f(x)= a - b * exp(-c * x)
fitted parameters initialized with current variable values

iter      chisq       delta/lim  lambda   a             b             c            
   0 1.6583769330e+00   0.00e+00  1.01e+00    1.637245e+00   8.476184e-01   1.432177e-02
   6 1.7648927005e-01  -1.16e-01  1.01e-06    1.888491e+00   1.649071e+00   1.266884e-02

After 6 iterations the fit converged.
final sum of squares of residuals : 0.176489
rel. change during last iteration : -1.16123e-06

degrees of freedom    (FIT_NDF)                        : 7
rms of residuals      (FIT_STDFIT) = sqrt(WSSR/ndf)    : 0.158785
variance of residuals (reduced chisquare) = WSSR/ndf   : 0.0252128

Final set of parameters            Asymptotic Standard Error
=======================            ==========================
a               = 1.88849          +/- 0.1281       (6.783%)
b               = 1.64907          +/- 0.1404       (8.516%)
c               = 0.0126688        +/- 0.003251     (25.66%)

correlation matrix of the fit parameters:
                a      b      c      
a               1.000 
b               0.803  1.000 
c              -0.677 -0.312  1.000 


*******************************************************************************
Mon Apr 29 11:09:04 2024


FIT:    data read from 'Ekin_block.dat' u 1:3
        format = x:z
        #datapoints = 10
        residuals are weighted equally (unit weight)

function used for fitting: f(x)
	f(x)= a - b * exp(-c * x)
fitted parameters initialized with current variable values

iter      chisq       delta/lim  lambda   a             b             c            
   0 4.3015309639e+00   0.00e+00  1.29e+00    1.888491e+00   1.649071e+00   1.266884e-02
  21 5.1334255241e-01  -9.54e-01  1.29e-02    8.353910e-01   5.837385e-02   2.592548e-02

After 21 iterations the fit converged.
final sum of squares of residuals : 0.513343
rel. change during last iteration : -9.5425e-06

degrees of freedom    (FIT_NDF)                        : 7
rms of residuals      (FIT_STDFIT) = sqrt(WSSR/ndf)    : 0.270804
variance of residuals (reduced chisquare) = WSSR/ndf   : 0.0733347

Final set of parameters            Asymptotic Standard Error
=======================            ==========================
a               = 0.835391         +/- 0.1694       (20.28%)
b               = 0.0583738        +/- 0.2193       (375.6%)
c               = 0.0259255        +/- 0.3012       (1162%)

correlation matrix of the fit parameters:
                a      b      c      
a               1.000 
b               0.651  1.000 
c              -0.576 -0.014  1.000 


*******************************************************************************
Mon Apr 29 11:09:04 2024


FIT:    data read from 'MSD_block.dat' u 1:3
        format = x:z
        #datapoints = 10
        residuals are weighted equally (unit weight)

function used for fitting: f(x)
	f(x)= a - b * exp(-c * x)
fitted parameters initialized with current variable values

iter      chisq       delta/lim  lambda   a             b             c            
   0 4.8637349676e+00   0.00e+00  4.83e-01    8.353910e-01   5.837385e-02   2.592548e-02
  19 3.8128461077e-02  -9.65e-03  4.83e-07    2.940986e+00   2.772812e+00   3.034612e-03

After 19 iterations the fit converged.
final sum of squares of residuals : 0.0381285
rel. change during last iteration : -9.64893e-08

degrees of freedom    (FIT_NDF)                        : 7
rms of residuals      (FIT_STDFIT) = sqrt(WSSR/ndf)    : 0.0738033
variance of residuals (reduced chisquare) = WSSR/ndf   : 0.00544692

Final set of parameters            Asymptotic Standard Error
=======================            ==========================
a               = 2.94099          +/- 0.2681       (9.117%)
b               = 2.77281          +/- 0.2579       (9.302%)
c               = 0.00303461       +/- 0.0005461    (17.99%)

correlation matrix of the fit parameters:
                a      b      c      
a               1.000 
b               0.993  1.000 
c              -0.958 -0.935  1.000 


*******************************************************************************
Mon Apr 29 11:09:04 2024


FIT:    data read from 'Press_block.dat' u 1:3
        format = x:z
        #datapoints = 10
        residuals are weighted equally (unit weight)

function used for fitting: f(x)
	f(x)= a - b * exp(-c * x)
fitted parameters initialized with current variable values

iter      chisq       delta/lim  lambda   a             b             c            
   0 1.0268123844e+01   0.00e+00  2.18e+00    2.940986e+00   2.772812e+00   3.034612e-03
 140 7.8728113410e-06  -9.85e-01  2.18e-03   -1.186981e-01  -1.204867e-01  -2.688703e-05

After 140 iterations the fit converged.
final sum of squares of residuals : 7.87281e-06
rel. change during last iteration : -9.84897e-06

degrees of freedom    (FIT_NDF)                        : 7
rms of residuals      (FIT_STDFIT) = sqrt(WSSR/ndf)    : 0.00106051
variance of residuals (reduced chisquare) = WSSR/ndf   : 1.12469e-06

Final set of parameters            Asymptotic Standard Error
=======================            ==========================
a               = -0.118698        +/- 43.35        (3.652e+04%)
b               = -0.120487        +/- 43.35        (3.598e+04%)
c               = -2.6887e-05      +/- 0.009611     (3.575e+04%)

correlation matrix of the fit parameters:
                a      b      c      
a               1.000 
b               1.000  1.000 
c              -1.000 -1.000  1.000 


*******************************************************************************
Mon Apr 29 11:09:04 2024


FIT:    data read from 'Temp_block.dat' u 1:3
        format = x:z
        #datapoints = 10
        residuals are weighted equally (unit weight)

function used for fitting: f(x)
	f(x)= a - b * exp(-c * x)
fitted parameters initialized with current variable values

iter      chisq       delta/lim  lambda   a             b             c            
   0 7.1398124333e-05   0.00e+00  9.78e-02   -1.186981e-01  -1.204867e-01  -2.688703e-05
  36 1.2837600358e-05  -9.96e-01  9.78e-05   -7.143339e-02  -7.607250e-02   3.926002e-05

After 36 iterations the fit converged.
final sum of squares of residuals : 1.28376e-05
rel. change during last iteration : -9.96161e-06

degrees of freedom    (FIT_NDF)                        : 7
rms of residuals      (FIT_STDFIT) = sqrt(WSSR/ndf)    : 0.00135423
variance of residuals (reduced chisquare) = WSSR/ndf   : 1.83394e-06

Final set of parameters            Asymptotic Standard Error
=======================            ==========================
a               = -0.0714334       +/- 25.96        (3.634e+04%)
b               = -0.0760725       +/- 25.96        (3.412e+04%)
c               = 3.926e-05        +/- 0.01352      (3.445e+04%)

correlation matrix of the fit parameters:
                a      b      c      
a               1.000 
b               1.000  1.000 
c               1.000  1.000  1.000 


*******************************************************************************
Mon Apr 29 11:12:55 2024


FIT:    data read from 'Etot_block.dat' u 1:3
        format = x:z
        #datapoints = 9
        residuals are weighted equally (unit weight)

function used for fitting: f(x)
	f(x)= a - b * exp(-c * x)
fitted parameters initialized with current variable values

iter      chisq       delta/lim  lambda   a             b             c            
   0 1.1978267325e+00   0.00e+00  5.89e-01    1.000000e+00   1.000000e+00   1.000000e+00
  39 2.0810856690e-03  -6.16e-03  5.89e-06    2.131359e+00   1.316309e+00   6.335483e-03

After 39 iterations the fit converged.
final sum of squares of residuals : 0.00208109
rel. change during last iteration : -6.15744e-08

degrees of freedom    (FIT_NDF)                        : 6
rms of residuals      (FIT_STDFIT) = sqrt(WSSR/ndf)    : 0.0186238
variance of residuals (reduced chisquare) = WSSR/ndf   : 0.000346848

Final set of parameters            Asymptotic Standard Error
=======================            ==========================
a               = 2.13136          +/- 0.06379      (2.993%)
b               = 1.31631          +/- 0.06074      (4.614%)
c               = 0.00633548       +/- 0.0005893    (9.302%)

correlation matrix of the fit parameters:
                a      b      c      
a               1.000 
b               0.990  1.000 
c              -0.954 -0.923  1.000 


*******************************************************************************
Mon Apr 29 11:12:55 2024


FIT:    data read from 'Epot_block.dat' u 1:3
        format = x:z
        #datapoints = 9
        residuals are weighted equally (unit weight)

function used for fitting: f(x)
	f(x)= a - b * exp(-c * x)
fitted parameters initialized with current variable values

iter      chisq       delta/lim  lambda   a             b             c            
   0 1.4562718463e+00   0.00e+00  1.39e+00    2.131359e+00   1.316309e+00   6.335483e-03
   5 4.4631542902e-02  -2.31e-01  1.39e-05    2.480451e+00   2.196684e+00   6.927364e-03

After 5 iterations the fit converged.
final sum of squares of residuals : 0.0446315
rel. change during last iteration : -2.31148e-06

degrees of freedom    (FIT_NDF)                        : 6
rms of residuals      (FIT_STDFIT) = sqrt(WSSR/ndf)    : 0.0862473
variance of residuals (reduced chisquare) = WSSR/ndf   : 0.00743859

Final set of parameters            Asymptotic Standard Error
=======================            ==========================
a               = 2.48045          +/- 0.2545       (10.26%)
b               = 2.19668          +/- 0.2414       (10.99%)
c               = 0.00692736       +/- 0.001609     (23.23%)

correlation matrix of the fit parameters:
                a      b      c      
a               1.000 
b               0.985  1.000 
c              -0.944 -0.903  1.000 


*******************************************************************************
Mon Apr 29 11:12:55 2024


FIT:    data read from 'Ekin_block.dat' u 1:3
        format = x:z
        #datapoints = 9
        residuals are weighted equally (unit weight)

function used for fitting: f(x)
	f(x)= a - b * exp(-c * x)
fitted parameters initialized with current variable values

iter      chisq       delta/lim  lambda   a             b             c            
   0 2.0132106202e+00   0.00e+00  1.78e+00    2.480451e+00   2.196684e+00   6.927364e-03
 465 1.2830347680e-02  -9.95e-01  1.78e-03    1.546674e+01   1.470480e+01   1.252906e-04

After 465 iterations the fit converged.
final sum of squares of residuals : 0.0128303
rel. change during last iteration : -9.94855e-06

degrees of freedom    (FIT_NDF)                        : 6
rms of residuals      (FIT_STDFIT) = sqrt(WSSR/ndf)    : 0.0462427
variance of residuals (reduced chisquare) = WSSR/ndf   : 0.00213839

Final set of parameters            Asymptotic Standard Error
=======================            ==========================
a               = 15.4667          +/- 356.7        (2306%)
b               = 14.7048          +/- 356.7        (2426%)
c               = 0.000125291      +/- 0.003086     (2463%)

correlation matrix of the fit parameters:
                a      b      c      
a               1.000 
b               1.000  1.000 
c              -1.000 -1.000  1.000 


*******************************************************************************
Mon Apr 29 11:12:55 2024


FIT:    data read from 'MSD_block.dat' u 1:3
        format = x:z
        #datapoints = 9
        residuals are weighted equally (unit weight)

function used for fitting: f(x)
	f(x)= a - b * exp(-c * x)
fitted parameters initialized with current variable values

iter      chisq       delta/lim  lambda   a             b             c            
   0 1.9300240199e+00   0.00e+00  1.23e+01    1.546674e+01   1.470480e+01   1.252906e-04
 228 1.3230792283e-02  -8.94e-03  1.23e-07    1.883169e+00   1.749505e+00   6.499514e-03

After 228 iterations the fit converged.
final sum of squares of residuals : 0.0132308
rel. change during last iteration : -8.93557e-08

degrees of freedom    (FIT_NDF)                        : 6
rms of residuals      (FIT_STDFIT) = sqrt(WSSR/ndf)    : 0.0469588
variance of residuals (reduced chisquare) = WSSR/ndf   : 0.00220513

Final set of parameters            Asymptotic Standard Error
=======================            ==========================
a               = 1.88317          +/- 0.154        (8.18%)
b               = 1.74951          +/- 0.1465       (8.374%)
c               = 0.00649951       +/- 0.001112     (17.11%)

correlation matrix of the fit parameters:
                a      b      c      
a               1.000 
b               0.988  1.000 
c              -0.952 -0.918  1.000 


*******************************************************************************
Mon Apr 29 11:12:55 2024


FIT:    data read from 'Press_block.dat' u 1:3
        format = x:z
        #datapoints = 9
        residuals are weighted equally (unit weight)

function used for fitting: f(x)
	f(x)= a - b * exp(-c * x)
fitted parameters initialized with current variable values

iter      chisq       delta/lim  lambda   a             b             c            
   0 4.6026627964e+00   0.00e+00  1.38e+00    1.883169e+00   1.749505e+00   6.499514e-03
  12 1.5089333165e-07  -5.74e-03  1.38e-08    4.734783e-03   3.598757e-03   8.338143e-03

After 12 iterations the fit converged.
final sum of squares of residuals : 1.50893e-07
rel. change during last iteration : -5.73551e-08

degrees of freedom    (FIT_NDF)                        : 6
rms of residuals      (FIT_STDFIT) = sqrt(WSSR/ndf)    : 0.000158584
variance of residuals (reduced chisquare) = WSSR/ndf   : 2.51489e-08

Final set of parameters            Asymptotic Standard Error
=======================            ==========================
a               = 0.00473478       +/- 0.0003504    (7.4%)
b               = 0.00359876       +/- 0.000331     (9.198%)
c               = 0.00833814       +/- 0.001783     (21.39%)

correlation matrix of the fit parameters:
                a      b      c      
a               1.000 
b               0.972  1.000 
c              -0.917 -0.844  1.000 


*******************************************************************************
Mon Apr 29 11:12:55 2024


FIT:    data read from 'Temp_block.dat' u 1:3
        format = x:z
        #datapoints = 9
        residuals are weighted equally (unit weight)

function used for fitting: f(x)
	f(x)= a - b * exp(-c * x)
fitted parameters initialized with current variable values

iter      chisq       delta/lim  lambda   a             b             c            
   0 6.0143870743e-05   0.00e+00  3.21e-03    4.734783e-03   3.598757e-03   8.338143e-03
 577 3.7090536411e-07  -1.00e+00  3.21e-06    8.170787e-02   7.761146e-02   1.276615e-04

After 577 iterations the fit converged.
final sum of squares of residuals : 3.70905e-07
rel. change during last iteration : -9.997e-06

degrees of freedom    (FIT_NDF)                        : 6
rms of residuals      (FIT_STDFIT) = sqrt(WSSR/ndf)    : 0.000248631
variance of residuals (reduced chisquare) = WSSR/ndf   : 6.18176e-08

Final set of parameters            Asymptotic Standard Error
=======================            ==========================
a               = 0.0817079        +/- 1.847        (2261%)
b               = 0.0776115        +/- 1.847        (2380%)
c               = 0.000127661      +/- 0.003086     (2418%)

correlation matrix of the fit parameters:
                a      b      c      
a               1.000 
b               1.000  1.000 
c              -1.000 -1.000  1.000 
