Warning: no access to tty (Bad file descriptor).
Thus no job control in this shell.
 I am            0 I finished reading inputs. Going to broadcast
 t_0 (s)=  3.200000000000000E-002
 Simulation parameters
 L=   10.7721734501594      M=           5 a=   2.15443469003188     
 Finished thermalization
       50000
       50000
       50000
       50000
       50000
       50000
       50000
       50000
       50000
       50000
       50000
       50000
       50000
       50000
       50000
       50000
      100000
      100000
      100000
      100000
      100000
      100000
      100000
      100000
      100000
      100000
      100000
      100000
      100000
      100000
      100000
      100000
 Finished Binning
 t_f(s) =    34.4040000000000     
 t_run(s,          16 proc) =    34.3720000000000     
