Warning: no access to tty (Bad file descriptor).
Thus no job control in this shell.
 I am            0 I finished reading inputs. Going to broadcast
 t_0 (s)=  2.400000000000000E-002
 Simulation parameters
 L=   10.7721734501594      M=           5 a=   2.15443469003188     
 Finished thermalization
       50000
       50000
       50000
       50000
       50000
       50000
       50000
       50000
      100000
      100000
      100000
      100000
      100000
      100000
      100000
      100000
 Finished Binning
 t_f(s) =    58.1200000000000     
 t_run(s,           8 proc) =    58.0960000000000     
