make[1]: Entering directory '/home/cmm13/Project-I/parallel'
mpirun -np 4 main<input.txt
 I am            0 I finished reading inputs. Going to broadcast
 t_0 (s)=  2.400000000000000E-002
 Simulation parameters
 L=   10.7721734501594      M=           5 a=   2.15443469003188     
 Thermalization data
 Thermalization data
 Thermalization data
 Thermalization data
 Finished thermalization
 Finished thermalization
 Finished thermalization
 Finished thermalization
 timestep        1000
 timestep        2000
 timestep        3000
 timestep        4000
 timestep        5000
 timestep        6000
 timestep        7000
 timestep        8000
 timestep        9000
 timestep       10000
 Gonna bin
 Gonna bin
           3           2           2           2           1
 Gonna bin
           1           2           2           2           1
 Gonna bin
           0           2           2           2           1
 Gonna share
           0           0           1
           0           7           7
           2           2           2           2           1
 Gonna share
           1           2           3
           1           7           7
 finished sharing
 Gonna share
           3           6           6
           3           7           7
 finished sharing
 Gonna share
           2           4           5
           2           7           7
 finished sharing
 finished sharing
           3           2           2           2           1
 Gonna share
           3           6           6
           3           7           7
 finished sharing
           2           2           2           2           1
 Gonna share
           2           4           5
           2           7           7
 finished sharing
           1           2           2           2           1
 Gonna share
           1           2           3
           1           7           7
 finished sharing
           0           2           2           2           1
 Gonna share
           0           0           1
           0           7           7
 finished sharing
           1           2           2           2           1
 Gonna share
           1           2           3
           1           7           7
 finished sharing
           3           2           2           2           1
 Gonna share
           3           6           6
           3           7           7
 finished sharing
           2           2           2           2           1
 Gonna share
           2           4           5
           2           7           7
 finished sharing
           0           2           2           2           1
 Gonna share
           0           0           1
           0           7           7
 finished sharing
           2           2           2           2           1
 Gonna share
           2           4           5
           2           7           7
 finished sharing
           1           2           2           2           1
 Gonna share
           1           2           3
           1           7           7
 finished sharing
           3           2           2           2           1
 Gonna share
           3           6           6
           3           7           7
 finished sharing
           0           2           2           2           1
 Gonna share
           0           0           1
           0           7           7
 finished sharing
           3           2           2           2           1
 Gonna share
           3           6           6
           3           7           7
 finished sharing
           2           2           2           2           1
 Gonna share
           2           4           5
           2           7           7
 finished sharing
           1           2           2           2           1
 Gonna share
           1           2           3
           1           7           7
 finished sharing
           0           2           2           2           1
 Gonna share
           0           0           1
           0           7           7
 finished sharing
           1           2           2           2           1
 Gonna share
           1           2           3
           1           7           7
 finished sharing
           3           2           2           2           1
 Gonna share
           3           6           6
           3           7           7
 finished sharing
           2           2           2           2           1
 Gonna share
           2           4           5
           2           7           7
 finished sharing
           0           2           2           2           1
 Gonna share
           0           0           1
           0           7           7
 finished sharing
 t_f(s) =    24.3320000000000     
 t_run(s,           4 proc) =    24.3080000000000     
make[1]: Leaving directory '/home/cmm13/Project-I/parallel'
