

*******************************************************************************
Mon Apr 29 11:19:12 2024


FIT:    data read from 'Etot_block.dat' u 1:3
        format = x:z
        #datapoints = 10
        residuals are weighted equally (unit weight)

function used for fitting: f(x)
	f(x)= a - b * exp(-c * x)
fitted parameters initialized with current variable values

iter      chisq       delta/lim  lambda   a             b             c            
   0 2.0764729043e+00   0.00e+00  5.88e-01    1.000000e+00   1.000000e+00   1.000000e+00
  16 3.8577974784e-02  -5.56e-01  5.88e-07    1.859077e+00   1.011223e+00   1.181821e-02

After 16 iterations the fit converged.
final sum of squares of residuals : 0.038578
rel. change during last iteration : -5.55919e-06

degrees of freedom    (FIT_NDF)                        : 7
rms of residuals      (FIT_STDFIT) = sqrt(WSSR/ndf)    : 0.074237
variance of residuals (reduced chisquare) = WSSR/ndf   : 0.00551114

Final set of parameters            Asymptotic Standard Error
=======================            ==========================
a               = 1.85908          +/- 0.06191      (3.33%)
b               = 1.01122          +/- 0.06695      (6.621%)
c               = 0.0118182        +/- 0.002342     (19.81%)

correlation matrix of the fit parameters:
                a      b      c      
a               1.000 
b               0.817  1.000 
c              -0.689 -0.344  1.000 


*******************************************************************************
Mon Apr 29 11:19:12 2024


FIT:    data read from 'Epot_block.dat' u 1:3
        format = x:z
        #datapoints = 10
        residuals are weighted equally (unit weight)

function used for fitting: f(x)
	f(x)= a - b * exp(-c * x)
fitted parameters initialized with current variable values

iter      chisq       delta/lim  lambda   a             b             c            
   0 2.8700320459e+00   0.00e+00  1.16e+00    1.859077e+00   1.011223e+00   1.181821e-02
   9 1.4865333361e-01  -3.69e-01  1.16e-09    1.760079e+00   1.452051e+00   5.990513e-03

After 9 iterations the fit converged.
final sum of squares of residuals : 0.148653
rel. change during last iteration : -3.68594e-06

degrees of freedom    (FIT_NDF)                        : 7
rms of residuals      (FIT_STDFIT) = sqrt(WSSR/ndf)    : 0.145726
variance of residuals (reduced chisquare) = WSSR/ndf   : 0.0212362

Final set of parameters            Asymptotic Standard Error
=======================            ==========================
a               = 1.76008          +/- 0.2007       (11.4%)
b               = 1.45205          +/- 0.195        (13.43%)
c               = 0.00599051       +/- 0.002111     (35.24%)

correlation matrix of the fit parameters:
                a      b      c      
a               1.000 
b               0.938  1.000 
c              -0.840 -0.697  1.000 


*******************************************************************************
Mon Apr 29 11:19:12 2024


FIT:    data read from 'Ekin_block.dat' u 1:3
        format = x:z
        #datapoints = 10
        residuals are weighted equally (unit weight)

function used for fitting: f(x)
	f(x)= a - b * exp(-c * x)
fitted parameters initialized with current variable values

iter      chisq       delta/lim  lambda   a             b             c            
   0 4.3956763574e+00   0.00e+00  1.22e+00    1.760079e+00   1.452051e+00   5.990513e-03
 431 2.9090991584e-01  -9.93e-01  1.22e-03   -4.759850e+01  -4.852046e+01   2.743833e-05

After 431 iterations the fit converged.
final sum of squares of residuals : 0.29091
rel. change during last iteration : -9.93233e-06

degrees of freedom    (FIT_NDF)                        : 7
rms of residuals      (FIT_STDFIT) = sqrt(WSSR/ndf)    : 0.203859
variance of residuals (reduced chisquare) = WSSR/ndf   : 0.0415586

Final set of parameters            Asymptotic Standard Error
=======================            ==========================
a               = -47.5985         +/- 8000         (1.681e+04%)
b               = -48.5205         +/- 8000         (1.649e+04%)
c               = 2.74383e-05      +/- 0.004554     (1.66e+04%)

correlation matrix of the fit parameters:
                a      b      c      
a               1.000 
b               1.000  1.000 
c               1.000  1.000  1.000 


*******************************************************************************
Mon Apr 29 11:19:12 2024


FIT:    data read from 'MSD_block.dat' u 1:3
        format = x:z
        #datapoints = 10
        residuals are weighted equally (unit weight)

function used for fitting: f(x)
	f(x)= a - b * exp(-c * x)
fitted parameters initialized with current variable values

iter      chisq       delta/lim  lambda   a             b             c            
   0 9.0356792777e+00   0.00e+00  3.92e+01   -4.759850e+01  -4.852046e+01   2.743833e-05
 441 2.4136511782e-01  -5.81e-01  3.92e-03   -1.484248e+02  -1.487102e+02  -3.093357e-05

After 441 iterations the fit converged.
final sum of squares of residuals : 0.241365
rel. change during last iteration : -5.81428e-06

degrees of freedom    (FIT_NDF)                        : 7
rms of residuals      (FIT_STDFIT) = sqrt(WSSR/ndf)    : 0.18569
variance of residuals (reduced chisquare) = WSSR/ndf   : 0.0344807

Final set of parameters            Asymptotic Standard Error
=======================            ==========================
a               = -148.425         +/- 5734         (3863%)
b               = -148.71          +/- 5734         (3856%)
c               = -3.09336e-05     +/- 0.001184     (3827%)

correlation matrix of the fit parameters:
                a      b      c      
a               1.000 
b               1.000  1.000 
c              -1.000 -1.000  1.000 


*******************************************************************************
Mon Apr 29 11:19:12 2024


FIT:    data read from 'Press_block.dat' u 1:3
        format = x:z
        #datapoints = 10
        residuals are weighted equally (unit weight)

function used for fitting: f(x)
	f(x)= a - b * exp(-c * x)
fitted parameters initialized with current variable values

iter      chisq       delta/lim  lambda   a             b             c            
   0 1.0979417208e+01   0.00e+00  1.22e+02   -1.484248e+02  -1.487102e+02  -3.093357e-05
   7 8.4505518478e-07  -2.04e-05  1.22e-05   -9.054275e+01  -9.054419e+01  -3.182280e-08

After 7 iterations the fit converged.
final sum of squares of residuals : 8.45055e-07
rel. change during last iteration : -2.03856e-10

degrees of freedom    (FIT_NDF)                        : 7
rms of residuals      (FIT_STDFIT) = sqrt(WSSR/ndf)    : 0.000347451
variance of residuals (reduced chisquare) = WSSR/ndf   : 1.20722e-07

Final set of parameters            Asymptotic Standard Error
=======================            ==========================
a               = -90.5428         +/- 1.017e+07    (1.123e+07%)
b               = -90.5442         +/- 1.017e+07    (1.123e+07%)
c               = -3.18228e-08     +/- 0.003573     (1.123e+07%)

correlation matrix of the fit parameters:
                a      b      c      
a               1.000 
b               1.000  1.000 
c              -1.000 -1.000  1.000 


*******************************************************************************
Mon Apr 29 11:19:12 2024


FIT:    data read from 'Temp_block.dat' u 1:3
        format = x:z
        #datapoints = 10
        residuals are weighted equally (unit weight)

function used for fitting: f(x)
	f(x)= a - b * exp(-c * x)
fitted parameters initialized with current variable values

iter      chisq       delta/lim  lambda   a             b             c            
   0 9.5107112992e-05   0.00e+00  7.39e+01   -9.054275e+01  -9.054419e+01  -3.182280e-08
   3 3.2923562949e-05  -8.32e-01  7.39e-02   -9.054091e+01  -9.054485e+01  -3.182239e-08

After 3 iterations the fit converged.
final sum of squares of residuals : 3.29236e-05
rel. change during last iteration : -8.32197e-06

degrees of freedom    (FIT_NDF)                        : 7
rms of residuals      (FIT_STDFIT) = sqrt(WSSR/ndf)    : 0.00216872
variance of residuals (reduced chisquare) = WSSR/ndf   : 4.70337e-06

Final set of parameters            Asymptotic Standard Error
=======================            ==========================
a               = -90.5409         +/- 6.342e+07    (7.004e+07%)
b               = -90.5448         +/- 6.342e+07    (7.004e+07%)
c               = -3.18224e-08     +/- 0.02229      (7.004e+07%)

correlation matrix of the fit parameters:
                a      b      c      
a               1.000 
b               1.000  1.000 
c              -1.000 -1.000  1.000 


*******************************************************************************
Mon Apr 29 11:22:16 2024


FIT:    data read from 'Etot_block.dat' u 1:3
        format = x:z
        #datapoints = 9
        residuals are weighted equally (unit weight)

function used for fitting: f(x)
	f(x)= a - b * exp(-c * x)
fitted parameters initialized with current variable values

iter      chisq       delta/lim  lambda   a             b             c            
   0 1.3960049931e+00   0.00e+00  5.89e-01    1.000000e+00   1.000000e+00   1.000000e+00
  29 3.5946827934e-02  -8.48e-02  5.89e-08    1.914707e+00   1.062570e+00   1.064672e-02

After 29 iterations the fit converged.
final sum of squares of residuals : 0.0359468
rel. change during last iteration : -8.47745e-07

degrees of freedom    (FIT_NDF)                        : 6
rms of residuals      (FIT_STDFIT) = sqrt(WSSR/ndf)    : 0.0774024
variance of residuals (reduced chisquare) = WSSR/ndf   : 0.00599114

Final set of parameters            Asymptotic Standard Error
=======================            ==========================
a               = 1.91471          +/- 0.123        (6.424%)
b               = 1.06257          +/- 0.1173       (11.04%)
c               = 0.0106467        +/- 0.00304      (28.56%)

correlation matrix of the fit parameters:
                a      b      c      
a               1.000 
b               0.942  1.000 
c              -0.868 -0.730  1.000 


*******************************************************************************
Mon Apr 29 11:22:16 2024


FIT:    data read from 'Epot_block.dat' u 1:3
        format = x:z
        #datapoints = 9
        residuals are weighted equally (unit weight)

function used for fitting: f(x)
	f(x)= a - b * exp(-c * x)
fitted parameters initialized with current variable values

iter      chisq       delta/lim  lambda   a             b             c            
   0 2.9135220182e+00   0.00e+00  1.21e+00    1.914707e+00   1.062570e+00   1.064672e-02
   6 5.9341815450e-03  -3.43e-01  1.21e-06    1.173969e+00   9.645561e-01   2.176186e-02

After 6 iterations the fit converged.
final sum of squares of residuals : 0.00593418
rel. change during last iteration : -3.43076e-06

degrees of freedom    (FIT_NDF)                        : 6
rms of residuals      (FIT_STDFIT) = sqrt(WSSR/ndf)    : 0.0314489
variance of residuals (reduced chisquare) = WSSR/ndf   : 0.00098903

Final set of parameters            Asymptotic Standard Error
=======================            ==========================
a               = 1.17397          +/- 0.0275       (2.343%)
b               = 0.964556         +/- 0.02992      (3.102%)
c               = 0.0217619        +/- 0.002018     (9.272%)

correlation matrix of the fit parameters:
                a      b      c      
a               1.000 
b               0.784  1.000 
c              -0.703 -0.301  1.000 


*******************************************************************************
Mon Apr 29 11:22:16 2024


FIT:    data read from 'Ekin_block.dat' u 1:3
        format = x:z
        #datapoints = 9
        residuals are weighted equally (unit weight)

function used for fitting: f(x)
	f(x)= a - b * exp(-c * x)
fitted parameters initialized with current variable values

iter      chisq       delta/lim  lambda   a             b             c            
   0 1.5244590398e+00   0.00e+00  7.86e-01    1.173969e+00   9.645561e-01   2.176186e-02
   8 2.7273976945e-02  -3.74e-01  7.86e-03    9.924607e-01   1.582470e-01   7.068896e-03

After 8 iterations the fit converged.
final sum of squares of residuals : 0.027274
rel. change during last iteration : -3.73535e-06

degrees of freedom    (FIT_NDF)                        : 6
rms of residuals      (FIT_STDFIT) = sqrt(WSSR/ndf)    : 0.0674215
variance of residuals (reduced chisquare) = WSSR/ndf   : 0.00454566

Final set of parameters            Asymptotic Standard Error
=======================            ==========================
a               = 0.992461         +/- 0.1925       (19.39%)
b               = 0.158247         +/- 0.1824       (115.3%)
c               = 0.0070689        +/- 0.01741      (246.3%)

correlation matrix of the fit parameters:
                a      b      c      
a               1.000 
b               0.984  1.000 
c              -0.942 -0.897  1.000 


*******************************************************************************
Mon Apr 29 11:22:16 2024


FIT:    data read from 'MSD_block.dat' u 1:3
        format = x:z
        #datapoints = 9
        residuals are weighted equally (unit weight)

function used for fitting: f(x)
	f(x)= a - b * exp(-c * x)
fitted parameters initialized with current variable values

iter      chisq       delta/lim  lambda   a             b             c            
   0 2.6558300319e+00   0.00e+00  5.78e-01    9.924607e-01   1.582470e-01   7.068896e-03
   6 1.4561823510e-02  -2.62e-01  5.78e-06    1.954546e+00   1.814108e+00   6.607387e-03

After 6 iterations the fit converged.
final sum of squares of residuals : 0.0145618
rel. change during last iteration : -2.62096e-06

degrees of freedom    (FIT_NDF)                        : 6
rms of residuals      (FIT_STDFIT) = sqrt(WSSR/ndf)    : 0.0492643
variance of residuals (reduced chisquare) = WSSR/ndf   : 0.00242697

Final set of parameters            Asymptotic Standard Error
=======================            ==========================
a               = 1.95455          +/- 0.1572       (8.043%)
b               = 1.81411          +/- 0.1494       (8.235%)
c               = 0.00660739       +/- 0.001122     (16.98%)

correlation matrix of the fit parameters:
                a      b      c      
a               1.000 
b               0.988  1.000 
c              -0.950 -0.914  1.000 


*******************************************************************************
Mon Apr 29 11:22:16 2024


FIT:    data read from 'Press_block.dat' u 1:3
        format = x:z
        #datapoints = 9
        residuals are weighted equally (unit weight)

function used for fitting: f(x)
	f(x)= a - b * exp(-c * x)
fitted parameters initialized with current variable values

iter      chisq       delta/lim  lambda   a             b             c            
   0 5.0560440442e+00   0.00e+00  1.43e+00    1.954546e+00   1.814108e+00   6.607387e-03
  36 1.5975564260e-07  -4.50e-01  1.43e-14    2.035456e-03   1.025329e-03   6.195475e-02

After 36 iterations the fit converged.
final sum of squares of residuals : 1.59756e-07
rel. change during last iteration : -4.49942e-06

degrees of freedom    (FIT_NDF)                        : 6
rms of residuals      (FIT_STDFIT) = sqrt(WSSR/ndf)    : 0.000163175
variance of residuals (reduced chisquare) = WSSR/ndf   : 2.66259e-08

Final set of parameters            Asymptotic Standard Error
=======================            ==========================
a               = 0.00203546       +/- 9.782e-05    (4.806%)
b               = 0.00102533       +/- 0.0001493    (14.56%)
c               = 0.0619548        +/- 0.02626      (42.38%)

correlation matrix of the fit parameters:
                a      b      c      
a               1.000 
b               0.495  1.000 
c              -0.552  0.204  1.000 


*******************************************************************************
Mon Apr 29 11:22:16 2024


FIT:    data read from 'Temp_block.dat' u 1:3
        format = x:z
        #datapoints = 9
        residuals are weighted equally (unit weight)

function used for fitting: f(x)
	f(x)= a - b * exp(-c * x)
fitted parameters initialized with current variable values

iter      chisq       delta/lim  lambda   a             b             c            
   0 8.7253430928e-05   0.00e+00  1.23e-03    2.035456e-03   1.025329e-03   6.195475e-02
  25 7.8853789212e-07  -2.55e-01  1.23e-05    5.353715e-03   8.663935e-04   6.677715e-03

After 25 iterations the fit converged.
final sum of squares of residuals : 7.88538e-07
rel. change during last iteration : -2.54829e-06

degrees of freedom    (FIT_NDF)                        : 6
rms of residuals      (FIT_STDFIT) = sqrt(WSSR/ndf)    : 0.000362523
variance of residuals (reduced chisquare) = WSSR/ndf   : 1.31423e-07

Final set of parameters            Asymptotic Standard Error
=======================            ==========================
a               = 0.00535371       +/- 0.001137     (21.23%)
b               = 0.000866393      +/- 0.00108      (124.6%)
c               = 0.00667772       +/- 0.01725      (258.3%)

correlation matrix of the fit parameters:
                a      b      c      
a               1.000 
b               0.987  1.000 
c              -0.949 -0.912  1.000 
