

*******************************************************************************
Wed May  1 10:10:42 2024


FIT:    data read from 'Etot_block.dat' u 1:3
        format = x:z
        #datapoints = 9
        residuals are weighted equally (unit weight)

function used for fitting: f(x)
	f(x)= a - b * exp(-c * x)
fitted parameters initialized with current variable values

iter      chisq       delta/lim  lambda   a             b             c            
   0 1.3960049931e+00   0.00e+00  5.89e-01    1.000000e+00   1.000000e+00   1.000000e+00
  29 3.5946827934e-02  -8.48e-02  5.89e-08    1.914707e+00   1.062570e+00   1.064672e-02

After 29 iterations the fit converged.
final sum of squares of residuals : 0.0359468
rel. change during last iteration : -8.47745e-07

degrees of freedom    (FIT_NDF)                        : 6
rms of residuals      (FIT_STDFIT) = sqrt(WSSR/ndf)    : 0.0774024
variance of residuals (reduced chisquare) = WSSR/ndf   : 0.00599114

Final set of parameters            Asymptotic Standard Error
=======================            ==========================
a               = 1.91471          +/- 0.123        (6.424%)
b               = 1.06257          +/- 0.1173       (11.04%)
c               = 0.0106467        +/- 0.00304      (28.56%)

correlation matrix of the fit parameters:
                a      b      c      
a               1.000 
b               0.942  1.000 
c              -0.868 -0.730  1.000 


*******************************************************************************
Wed May  1 10:10:42 2024


FIT:    data read from 'Epot_block.dat' u 1:3
        format = x:z
        #datapoints = 9
        residuals are weighted equally (unit weight)

function used for fitting: f(x)
	f(x)= a - b * exp(-c * x)
fitted parameters initialized with current variable values

iter      chisq       delta/lim  lambda   a             b             c            
   0 2.9135220182e+00   0.00e+00  1.21e+00    1.914707e+00   1.062570e+00   1.064672e-02
   6 5.9341815450e-03  -3.43e-01  1.21e-06    1.173969e+00   9.645561e-01   2.176186e-02

After 6 iterations the fit converged.
final sum of squares of residuals : 0.00593418
rel. change during last iteration : -3.43076e-06

degrees of freedom    (FIT_NDF)                        : 6
rms of residuals      (FIT_STDFIT) = sqrt(WSSR/ndf)    : 0.0314489
variance of residuals (reduced chisquare) = WSSR/ndf   : 0.00098903

Final set of parameters            Asymptotic Standard Error
=======================            ==========================
a               = 1.17397          +/- 0.0275       (2.343%)
b               = 0.964556         +/- 0.02992      (3.102%)
c               = 0.0217619        +/- 0.002018     (9.272%)

correlation matrix of the fit parameters:
                a      b      c      
a               1.000 
b               0.784  1.000 
c              -0.703 -0.301  1.000 


*******************************************************************************
Wed May  1 10:10:42 2024


FIT:    data read from 'Ekin_block.dat' u 1:3
        format = x:z
        #datapoints = 9
        residuals are weighted equally (unit weight)

function used for fitting: f(x)
	f(x)= a - b * exp(-c * x)
fitted parameters initialized with current variable values

iter      chisq       delta/lim  lambda   a             b             c            
   0 1.5244590398e+00   0.00e+00  7.86e-01    1.173969e+00   9.645561e-01   2.176186e-02
   8 2.7273976945e-02  -3.74e-01  7.86e-03    9.924607e-01   1.582470e-01   7.068896e-03

After 8 iterations the fit converged.
final sum of squares of residuals : 0.027274
rel. change during last iteration : -3.73535e-06

degrees of freedom    (FIT_NDF)                        : 6
rms of residuals      (FIT_STDFIT) = sqrt(WSSR/ndf)    : 0.0674215
variance of residuals (reduced chisquare) = WSSR/ndf   : 0.00454566

Final set of parameters            Asymptotic Standard Error
=======================            ==========================
a               = 0.992461         +/- 0.1925       (19.39%)
b               = 0.158247         +/- 0.1824       (115.3%)
c               = 0.0070689        +/- 0.01741      (246.3%)

correlation matrix of the fit parameters:
                a      b      c      
a               1.000 
b               0.984  1.000 
c              -0.942 -0.897  1.000 


*******************************************************************************
Wed May  1 10:10:42 2024


FIT:    data read from 'MSD_block.dat' u 1:3
        format = x:z
        #datapoints = 9
        residuals are weighted equally (unit weight)

function used for fitting: f(x)
	f(x)= a - b * exp(-c * x)
fitted parameters initialized with current variable values

iter      chisq       delta/lim  lambda   a             b             c            
   0 2.6558300319e+00   0.00e+00  5.78e-01    9.924607e-01   1.582470e-01   7.068896e-03
   6 1.4561823510e-02  -2.62e-01  5.78e-06    1.954546e+00   1.814108e+00   6.607387e-03

After 6 iterations the fit converged.
final sum of squares of residuals : 0.0145618
rel. change during last iteration : -2.62096e-06

degrees of freedom    (FIT_NDF)                        : 6
rms of residuals      (FIT_STDFIT) = sqrt(WSSR/ndf)    : 0.0492643
variance of residuals (reduced chisquare) = WSSR/ndf   : 0.00242697

Final set of parameters            Asymptotic Standard Error
=======================            ==========================
a               = 1.95455          +/- 0.1572       (8.043%)
b               = 1.81411          +/- 0.1494       (8.235%)
c               = 0.00660739       +/- 0.001122     (16.98%)

correlation matrix of the fit parameters:
                a      b      c      
a               1.000 
b               0.988  1.000 
c              -0.950 -0.914  1.000 


*******************************************************************************
Wed May  1 10:10:42 2024


FIT:    data read from 'Press_block.dat' u 1:3
        format = x:z
        #datapoints = 9
        residuals are weighted equally (unit weight)

function used for fitting: f(x)
	f(x)= a - b * exp(-c * x)
fitted parameters initialized with current variable values

iter      chisq       delta/lim  lambda   a             b             c            
   0 5.0560440442e+00   0.00e+00  1.43e+00    1.954546e+00   1.814108e+00   6.607387e-03
  36 1.5975564260e-07  -4.50e-01  1.43e-14    2.035456e-03   1.025329e-03   6.195475e-02

After 36 iterations the fit converged.
final sum of squares of residuals : 1.59756e-07
rel. change during last iteration : -4.49942e-06

degrees of freedom    (FIT_NDF)                        : 6
rms of residuals      (FIT_STDFIT) = sqrt(WSSR/ndf)    : 0.000163175
variance of residuals (reduced chisquare) = WSSR/ndf   : 2.66259e-08

Final set of parameters            Asymptotic Standard Error
=======================            ==========================
a               = 0.00203546       +/- 9.782e-05    (4.806%)
b               = 0.00102533       +/- 0.0001493    (14.56%)
c               = 0.0619548        +/- 0.02626      (42.38%)

correlation matrix of the fit parameters:
                a      b      c      
a               1.000 
b               0.495  1.000 
c              -0.552  0.204  1.000 


*******************************************************************************
Wed May  1 10:10:42 2024


FIT:    data read from 'Temp_block.dat' u 1:3
        format = x:z
        #datapoints = 9
        residuals are weighted equally (unit weight)

function used for fitting: f(x)
	f(x)= a - b * exp(-c * x)
fitted parameters initialized with current variable values

iter      chisq       delta/lim  lambda   a             b             c            
   0 8.7253430928e-05   0.00e+00  1.23e-03    2.035456e-03   1.025329e-03   6.195475e-02
  25 7.8853789212e-07  -2.55e-01  1.23e-05    5.353715e-03   8.663935e-04   6.677715e-03

After 25 iterations the fit converged.
final sum of squares of residuals : 7.88538e-07
rel. change during last iteration : -2.54829e-06

degrees of freedom    (FIT_NDF)                        : 6
rms of residuals      (FIT_STDFIT) = sqrt(WSSR/ndf)    : 0.000362523
variance of residuals (reduced chisquare) = WSSR/ndf   : 1.31423e-07

Final set of parameters            Asymptotic Standard Error
=======================            ==========================
a               = 0.00535371       +/- 0.001137     (21.23%)
b               = 0.000866393      +/- 0.00108      (124.6%)
c               = 0.00667772       +/- 0.01725      (258.3%)

correlation matrix of the fit parameters:
                a      b      c      
a               1.000 
b               0.987  1.000 
c              -0.949 -0.912  1.000 
